# JRE version: Java(TM) SE Runtime Environment (14.0.2+12) (build 14.0.2+12-46)
# Java VM: Java HotSpot(TM) 64-Bit Server VM (14.0.2+12-46, mixed mode, sharing, tiered, compressed oops, g1 gc, windows-amd64)
Heap:
 garbage-first heap   total 73728K, used 53278K [0x0000000082600000, 0x0000000100000000)
  region size 1024K, 25 young (25600K), 1 survivors (1024K)
 Metaspace       used 44046K, capacity 45675K, committed 45776K, reserved 1089536K
  class space    used 5997K, capacity 6607K, committed 6656K, reserved 1048576K
GC Heap History (20 events):
Event: 858.290 GC heap before
{Heap before GC invocations=23 (full 0):
 garbage-first heap   total 73728K, used 59786K [0x0000000082600000, 0x0000000100000000)
  region size 1024K, 31 young (31744K), 1 survivors (1024K)
 Metaspace       used 43714K, capacity 45409K, committed 45520K, reserved 1087488K
  class space    used 5992K, capacity 6606K, committed 6656K, reserved 1048576K
}
Event: 858.296 GC heap after
{Heap after GC invocations=24 (full 0):
 garbage-first heap   total 73728K, used 30076K [0x0000000082600000, 0x0000000100000000)
  region size 1024K, 1 young (1024K), 1 survivors (1024K)
 Metaspace       used 43714K, capacity 45409K, committed 45520K, reserved 1087488K
  class space    used 5992K, capacity 6606K, committed 6656K, reserved 1048576K
}
Event: 1018.177 GC heap before
{Heap before GC invocations=24 (full 0):
 garbage-first heap   total 73728K, used 60796K [0x0000000082600000, 0x0000000100000000)
  region size 1024K, 31 young (31744K), 1 survivors (1024K)
 Metaspace       used 43724K, capacity 45409K, committed 45520K, reserved 1087488K
  class space    used 5993K, capacity 6606K, committed 6656K, reserved 1048576K
}
Event: 1018.183 GC heap after
{Heap after GC invocations=25 (full 0):
 garbage-first heap   total 73728K, used 30146K [0x0000000082600000, 0x0000000100000000)
  region size 1024K, 1 young (1024K), 1 survivors (1024K)
 Metaspace       used 43724K, capacity 45409K, committed 45520K, reserved 1087488K
  class space    used 5993K, capacity 6606K, committed 6656K, reserved 1048576K
}
Event: 1178.111 GC heap before
{Heap before GC invocations=25 (full 0):
 garbage-first heap   total 73728K, used 60866K [0x0000000082600000, 0x0000000100000000)
  region size 1024K, 31 young (31744K), 1 survivors (1024K)
 Metaspace       used 43725K, capacity 45409K, committed 45520K, reserved 1087488K
  class space    used 5993K, capacity 6606K, committed 6656K, reserved 1048576K
}
Event: 1178.113 GC heap after
{Heap after GC invocations=26 (full 0):
 garbage-first heap   total 73728K, used 30072K [0x0000000082600000, 0x0000000100000000)
  region size 1024K, 1 young (1024K), 1 survivors (1024K)
 Metaspace       used 43725K, capacity 45409K, committed 45520K, reserved 1087488K
  class space    used 5993K, capacity 6606K, committed 6656K, reserved 1048576K
}
Event: 1322.622 GC heap before
{Heap before GC invocations=26 (full 0):
 garbage-first heap   total 73728K, used 60792K [0x0000000082600000, 0x0000000100000000)
  region size 1024K, 32 young (32768K), 1 survivors (1024K)
 Metaspace       used 43725K, capacity 45409K, committed 45520K, reserved 1087488K
  class space    used 5993K, capacity 6606K, committed 6656K, reserved 1048576K
}
Event: 1322.629 GC heap after
{Heap after GC invocations=27 (full 0):
 garbage-first heap   total 73728K, used 30081K [0x0000000082600000, 0x0000000100000000)
  region size 1024K, 1 young (1024K), 1 survivors (1024K)
 Metaspace       used 43725K, capacity 45409K, committed 45520K, reserved 1087488K
  class space    used 5993K, capacity 6606K, committed 6656K, reserved 1048576K
}
Event: 1478.494 GC heap before
{Heap before GC invocations=27 (full 0):
 garbage-first heap   total 73728K, used 60801K [0x0000000082600000, 0x0000000100000000)
  region size 1024K, 32 young (32768K), 1 survivors (1024K)
 Metaspace       used 43726K, capacity 45409K, committed 45520K, reserved 1087488K
  class space    used 5993K, capacity 6606K, committed 6656K, reserved 1048576K
}
Event: 1478.501 GC heap after
{Heap after GC invocations=28 (full 0):
 garbage-first heap   total 73728K, used 30110K [0x0000000082600000, 0x0000000100000000)
  region size 1024K, 1 young (1024K), 1 survivors (1024K)
 Metaspace       used 43726K, capacity 45409K, committed 45520K, reserved 1087488K
  class space    used 5993K, capacity 6606K, committed 6656K, reserved 1048576K
}
Event: 1638.173 GC heap before
{Heap before GC invocations=28 (full 0):
 garbage-first heap   total 73728K, used 60830K [0x0000000082600000, 0x0000000100000000)
  region size 1024K, 32 young (32768K), 1 survivors (1024K)
 Metaspace       used 43726K, capacity 45409K, committed 45520K, reserved 1087488K
  class space    used 5993K, capacity 6606K, committed 6656K, reserved 1048576K
}
Event: 1638.180 GC heap after
{Heap after GC invocations=29 (full 0):
 garbage-first heap   total 73728K, used 30155K [0x0000000082600000, 0x0000000100000000)
  region size 1024K, 1 young (1024K), 1 survivors (1024K)
 Metaspace       used 43726K, capacity 45409K, committed 45520K, reserved 1087488K
  class space    used 5993K, capacity 6606K, committed 6656K, reserved 1048576K
}
Event: 1798.221 GC heap before
{Heap before GC invocations=29 (full 0):
 garbage-first heap   total 73728K, used 61899K [0x0000000082600000, 0x0000000100000000)
  region size 1024K, 32 young (32768K), 1 survivors (1024K)
 Metaspace       used 43755K, capacity 45477K, committed 45776K, reserved 1089536K
  class space    used 5993K, capacity 6607K, committed 6656K, reserved 1048576K
}
Event: 1798.228 GC heap after
{Heap after GC invocations=30 (full 0):
 garbage-first heap   total 73728K, used 30169K [0x0000000082600000, 0x0000000100000000)
  region size 1024K, 1 young (1024K), 1 survivors (1024K)
 Metaspace       used 43755K, capacity 45477K, committed 45776K, reserved 1089536K
  class space    used 5993K, capacity 6607K, committed 6656K, reserved 1048576K
}
Event: 1958.224 GC heap before
{Heap before GC invocations=30 (full 0):
 garbage-first heap   total 73728K, used 61913K [0x0000000082600000, 0x0000000100000000)
  region size 1024K, 32 young (32768K), 1 survivors (1024K)
 Metaspace       used 43755K, capacity 45477K, committed 45776K, reserved 1089536K
  class space    used 5993K, capacity 6607K, committed 6656K, reserved 1048576K
}
Event: 1958.230 GC heap after
{Heap after GC invocations=31 (full 0):
 garbage-first heap   total 73728K, used 30191K [0x0000000082600000, 0x0000000100000000)
  region size 1024K, 1 young (1024K), 1 survivors (1024K)
 Metaspace       used 43755K, capacity 45477K, committed 45776K, reserved 1089536K
  class space    used 5993K, capacity 6607K, committed 6656K, reserved 1048576K
}
Event: 12803.894 GC heap before
{Heap before GC invocations=31 (full 0):
 garbage-first heap   total 73728K, used 61935K [0x0000000082600000, 0x0000000100000000)
  region size 1024K, 32 young (32768K), 1 survivors (1024K)
 Metaspace       used 44036K, capacity 45675K, committed 45776K, reserved 1089536K
  class space    used 5993K, capacity 6607K, committed 6656K, reserved 1048576K
}
Event: 12803.896 GC heap after
{Heap after GC invocations=32 (full 0):
 garbage-first heap   total 73728K, used 29907K [0x0000000082600000, 0x0000000100000000)
  region size 1024K, 1 young (1024K), 1 survivors (1024K)
 Metaspace       used 44036K, capacity 45675K, committed 45776K, reserved 1089536K
  class space    used 5993K, capacity 6607K, committed 6656K, reserved 1048576K
}
Event: 12804.564 GC heap before
{Heap before GC invocations=32 (full 0):
 garbage-first heap   total 73728K, used 61651K [0x0000000082600000, 0x0000000100000000)
  region size 1024K, 32 young (32768K), 1 survivors (1024K)
 Metaspace       used 44036K, capacity 45675K, committed 45776K, reserved 1089536K
  class space    used 5993K, capacity 6607K, committed 6656K, reserved 1048576K
}
Event: 12804.566 GC heap after
{Heap after GC invocations=33 (full 0):
 garbage-first heap   total 73728K, used 29730K [0x0000000082600000, 0x0000000100000000)
  region size 1024K, 1 young (1024K), 1 survivors (1024K)
 Metaspace       used 44036K, capacity 45675K, committed 45776K, reserved 1089536K
  class space    used 5993K, capacity 6607K, committed 6656K, reserved 1048576K
}

